<?xml version="1.0" encoding="UTF-8"?>
<!-- Generated by org.testng.reporters.JUnitXMLReporter -->
<testsuite hostname="ASDW0020" ignored="0" name="Surefire test" tests="1" failures="1" timestamp="26 Feb 2019 07:09:05 GMT" time="5.795" errors="0">
  <testcase name="testLinks" time="1.377" classname="qait.TestLinks">
    <failure type="java.lang.AssertionError" message="expected [WYSIWYG ditor] but found [WYSIWYG Editor]">
      <![CDATA[java.lang.AssertionError: expected [WYSIWYG ditor] but found [WYSIWYG Editor]
at qait.TestLinks.testLinks(TestLinks.java:32)
... Removed 36 stack frames]]>
    </failure>
  </testcase> <!-- testLinks -->
</testsuite> <!-- Surefire test -->
