-------------------------------------------------------------------------------
Test set: qait.TestLinks
-------------------------------------------------------------------------------
Tests run: 1, Failures: 1, Errors: 0, Skipped: 0, Time elapsed: 6.11 s <<< FAILURE! - in qait.TestLinks
testLinks(qait.TestLinks)  Time elapsed: 1.19 s  <<< FAILURE!
java.lang.AssertionError: expected [WYSIWYG ditor] but found [WYSIWYG Editor]
	at qait.TestLinks.testLinks(TestLinks.java:32)

