<?xml version="1.0" encoding="UTF-8"?>
<testsuite xmlns:xsi="http://www.w3.org/2001/XMLSchema-instance" xsi:noNamespaceSchemaLocation="https://maven.apache.org/surefire/maven-surefire-plugin/xsd/surefire-test-report.xsd" name="qait.TestLinks" time="6.11" tests="1" errors="0" skipped="0" failures="1">
  <properties>
[...]
</properties>
  <testcase name="testLinks" classname="qait.TestLinks" time="1.19">
    <failure message="expected [WYSIWYG ditor] but found [WYSIWYG Editor]" type="java.lang.AssertionError">java.lang.AssertionError: expected [WYSIWYG ditor] but found [WYSIWYG Editor]
	at qait.TestLinks.testLinks(TestLinks.java:32)
</failure>
    <system-err><![CDATA[Starting ChromeDriver 2.46.628388 (4a34a70827ac54148e092aafb70504c4ea7ae926) on port 26996
Only local connections are allowed.
Please protect ports used by ChromeDriver and related test frameworks to prevent access by malicious code.
]]></system-err>
  </testcase>
</testsuite>